# JRE version: Java(TM) SE Runtime Environment (23.0.2+7) (build 23.0.2+7-58)
# Java VM: Java HotSpot(TM) 64-Bit Server VM (23.0.2+7-58, mixed mode, sharing, tiered, compressed oops, compressed class ptrs, g1 gc, windows-amd64)
GC Precious Log:
 CardTable entry size: 512
 Card Set container configuration: InlinePtr #cards 5 size 8 Array Of Cards #cards 10 size 36 Howl #buckets 4 coarsen threshold 1843 Howl Bitmap #cards 512 size 80 coarsen threshold 460 Card regions per heap region 1 cards per card region 2048
 CPUs: 8 total, 8 available
 Memory: 8013M
 Large Page Support: Disabled
 NUMA Support: Disabled
 Compressed Oops: Enabled (32-bit)
 Heap Region Size: 1M
 Heap Min Capacity: 8M
 Heap Initial Capacity: 126M
 Heap Max Capacity: 2G
 Pre-touch: Disabled
 Parallel Workers: 8
 Concurrent Workers: 2
 Concurrent Refinement Workers: 8
 Periodic GC: Disabled
Heap:
 garbage-first heap   total reserved 2097152K, committed 260096K, used 171432K [0x0000000080000000, 0x0000000100000000)
  region size 1024K, 14 young (14336K), 8 survivors (8192K)
 Metaspace       used 121789K, committed 124544K, reserved 557056K
  class space    used 17400K, committed 18752K, reserved 425984K
GC Heap History (20 events):
Event: 45.688 GC heap before
{Heap before GC invocations=47 (full 0):
 garbage-first heap   total reserved 2097152K, committed 191488K, used 174282K [0x0000000080000000, 0x0000000100000000)
  region size 1024K, 61 young (62464K), 6 survivors (6144K)
 Metaspace       used 104374K, committed 106880K, reserved 557056K
  class space    used 15063K, committed 16256K, reserved 425984K
}
Event: 45.696 GC heap after
{Heap after GC invocations=48 (full 0):
 garbage-first heap   total reserved 2097152K, committed 191488K, used 119533K [0x0000000080000000, 0x0000000100000000)
  region size 1024K, 4 young (4096K), 4 survivors (4096K)
 Metaspace       used 104374K, committed 106880K, reserved 557056K
  class space    used 15063K, committed 16256K, reserved 425984K
}
Event: 47.217 GC heap before
{Heap before GC invocations=49 (full 0):
 garbage-first heap   total reserved 2097152K, committed 201728K, used 174829K [0x0000000080000000, 0x0000000100000000)
  region size 1024K, 58 young (59392K), 4 survivors (4096K)
 Metaspace       used 107083K, committed 109696K, reserved 557056K
  class space    used 15463K, committed 16704K, reserved 425984K
}
Event: 47.224 GC heap after
{Heap after GC invocations=50 (full 0):
 garbage-first heap   total reserved 2097152K, committed 201728K, used 121679K [0x0000000080000000, 0x0000000100000000)
  region size 1024K, 6 young (6144K), 6 survivors (6144K)
 Metaspace       used 107083K, committed 109696K, reserved 557056K
  class space    used 15463K, committed 16704K, reserved 425984K
}
Event: 49.766 GC heap before
{Heap before GC invocations=50 (full 0):
 garbage-first heap   total reserved 2097152K, committed 201728K, used 182095K [0x0000000080000000, 0x0000000100000000)
  region size 1024K, 66 young (67584K), 6 survivors (6144K)
 Metaspace       used 107803K, committed 110400K, reserved 557056K
  class space    used 15524K, committed 16768K, reserved 425984K
}
Event: 49.785 GC heap after
{Heap after GC invocations=51 (full 0):
 garbage-first heap   total reserved 2097152K, committed 201728K, used 126878K [0x0000000080000000, 0x0000000100000000)
  region size 1024K, 9 young (9216K), 9 survivors (9216K)
 Metaspace       used 107803K, committed 110400K, reserved 557056K
  class space    used 15524K, committed 16768K, reserved 425984K
}
Event: 50.123 GC heap before
{Heap before GC invocations=51 (full 0):
 garbage-first heap   total reserved 2097152K, committed 201728K, used 180126K [0x0000000080000000, 0x0000000100000000)
  region size 1024K, 62 young (63488K), 9 survivors (9216K)
 Metaspace       used 107805K, committed 110400K, reserved 557056K
  class space    used 15524K, committed 16768K, reserved 425984K
}
Event: 50.133 GC heap after
{Heap after GC invocations=52 (full 0):
 garbage-first heap   total reserved 2097152K, committed 201728K, used 129779K [0x0000000080000000, 0x0000000100000000)
  region size 1024K, 4 young (4096K), 4 survivors (4096K)
 Metaspace       used 107805K, committed 110400K, reserved 557056K
  class space    used 15524K, committed 16768K, reserved 425984K
}
Event: 50.870 GC heap before
{Heap before GC invocations=53 (full 0):
 garbage-first heap   total reserved 2097152K, committed 217088K, used 186099K [0x0000000080000000, 0x0000000100000000)
  region size 1024K, 58 young (59392K), 4 survivors (4096K)
 Metaspace       used 108231K, committed 110848K, reserved 557056K
  class space    used 15582K, committed 16832K, reserved 425984K
}
Event: 50.876 GC heap after
{Heap after GC invocations=54 (full 0):
 garbage-first heap   total reserved 2097152K, committed 217088K, used 136128K [0x0000000080000000, 0x0000000100000000)
  region size 1024K, 8 young (8192K), 8 survivors (8192K)
 Metaspace       used 108231K, committed 110848K, reserved 557056K
  class space    used 15582K, committed 16832K, reserved 425984K
}
Event: 52.733 GC heap before
{Heap before GC invocations=54 (full 0):
 garbage-first heap   total reserved 2097152K, committed 217088K, used 198592K [0x0000000080000000, 0x0000000100000000)
  region size 1024K, 67 young (68608K), 8 survivors (8192K)
 Metaspace       used 109888K, committed 112576K, reserved 557056K
  class space    used 15891K, committed 17152K, reserved 425984K
}
Event: 52.744 GC heap after
{Heap after GC invocations=55 (full 0):
 garbage-first heap   total reserved 2097152K, committed 217088K, used 143261K [0x0000000080000000, 0x0000000100000000)
  region size 1024K, 9 young (9216K), 9 survivors (9216K)
 Metaspace       used 109888K, committed 112576K, reserved 557056K
  class space    used 15891K, committed 17152K, reserved 425984K
}
Event: 53.389 GC heap before
{Heap before GC invocations=55 (full 0):
 garbage-first heap   total reserved 2097152K, committed 217088K, used 169885K [0x0000000080000000, 0x0000000100000000)
  region size 1024K, 37 young (37888K), 9 survivors (9216K)
 Metaspace       used 111084K, committed 113728K, reserved 557056K
  class space    used 15989K, committed 17280K, reserved 425984K
}
Event: 53.400 GC heap after
{Heap after GC invocations=56 (full 0):
 garbage-first heap   total reserved 2097152K, committed 217088K, used 150039K [0x0000000080000000, 0x0000000100000000)
  region size 1024K, 6 young (6144K), 6 survivors (6144K)
 Metaspace       used 111084K, committed 113728K, reserved 557056K
  class space    used 15989K, committed 17280K, reserved 425984K
}
Event: 54.436 GC heap before
{Heap before GC invocations=57 (full 0):
 garbage-first heap   total reserved 2097152K, committed 260096K, used 202263K [0x0000000080000000, 0x0000000100000000)
  region size 1024K, 51 young (52224K), 6 survivors (6144K)
 Metaspace       used 113933K, committed 116672K, reserved 557056K
  class space    used 16297K, committed 17600K, reserved 425984K
}
Event: 54.443 GC heap after
{Heap after GC invocations=58 (full 0):
 garbage-first heap   total reserved 2097152K, committed 260096K, used 153725K [0x0000000080000000, 0x0000000100000000)
  region size 1024K, 4 young (4096K), 4 survivors (4096K)
 Metaspace       used 113933K, committed 116672K, reserved 557056K
  class space    used 16297K, committed 17600K, reserved 425984K
}
Event: 56.202 GC heap before
{Heap before GC invocations=58 (full 0):
 garbage-first heap   total reserved 2097152K, committed 260096K, used 235645K [0x0000000080000000, 0x0000000100000000)
  region size 1024K, 84 young (86016K), 4 survivors (4096K)
 Metaspace       used 117812K, committed 120512K, reserved 557056K
  class space    used 16845K, committed 18112K, reserved 425984K
}
Event: 56.213 GC heap after
{Heap after GC invocations=59 (full 0):
 garbage-first heap   total reserved 2097152K, committed 260096K, used 158452K [0x0000000080000000, 0x0000000100000000)
  region size 1024K, 9 young (9216K), 9 survivors (9216K)
 Metaspace       used 117812K, committed 120512K, reserved 557056K
  class space    used 16845K, committed 18112K, reserved 425984K
}
Event: 57.730 GC heap before
{Heap before GC invocations=59 (full 0):
 garbage-first heap   total reserved 2097152K, committed 260096K, used 231156K [0x0000000080000000, 0x0000000100000000)
  region size 1024K, 80 young (81920K), 9 survivors (9216K)
 Metaspace       used 121431K, committed 124160K, reserved 557056K
  class space    used 17338K, committed 18688K, reserved 425984K
}
Event: 57.742 GC heap after
{Heap after GC invocations=60 (full 0):
 garbage-first heap   total reserved 2097152K, committed 260096K, used 166312K [0x0000000080000000, 0x0000000100000000)
  region size 1024K, 8 young (8192K), 8 survivors (8192K)
 Metaspace       used 121431K, committed 124160K, reserved 557056K
  class space    used 17338K, committed 18688K, reserved 425984K
}

