# JRE version: Java(TM) SE Runtime Environment (23.0.2+7) (build 23.0.2+7-58)
# Java VM: Java HotSpot(TM) 64-Bit Server VM (23.0.2+7-58, mixed mode, sharing, tiered, compressed oops, compressed class ptrs, g1 gc, windows-amd64)
GC Precious Log:
 CardTable entry size: 512
 Card Set container configuration: InlinePtr #cards 5 size 8 Array Of Cards #cards 10 size 36 Howl #buckets 4 coarsen threshold 1843 Howl Bitmap #cards 512 size 80 coarsen threshold 460 Card regions per heap region 1 cards per card region 2048
 CPUs: 8 total, 8 available
 Memory: 8013M
 Large Page Support: Disabled
 NUMA Support: Disabled
 Compressed Oops: Enabled (32-bit)
 Heap Region Size: 1M
 Heap Min Capacity: 8M
 Heap Initial Capacity: 126M
 Heap Max Capacity: 2G
 Pre-touch: Disabled
 Parallel Workers: 8
 Concurrent Workers: 2
 Concurrent Refinement Workers: 8
 Periodic GC: Disabled
Heap:
 garbage-first heap   total reserved 2097152K, committed 360448K, used 209255K [0x0000000080000000, 0x0000000100000000)
  region size 1024K, 15 young (15360K), 14 survivors (14336K)
 Metaspace       used 145981K, committed 148992K, reserved 557056K
  class space    used 19997K, committed 21440K, reserved 425984K
GC Heap History (20 events):
Event: 428.777 GC heap before
{Heap before GC invocations=82 (full 0):
 garbage-first heap   total reserved 2097152K, committed 360448K, used 317006K [0x0000000080000000, 0x0000000100000000)
  region size 1024K, 123 young (125952K), 11 survivors (11264K)
 Metaspace       used 131631K, committed 134528K, reserved 557056K
  class space    used 18278K, committed 19648K, reserved 425984K
}
Event: 428.806 GC heap after
{Heap after GC invocations=83 (full 0):
 garbage-first heap   total reserved 2097152K, committed 360448K, used 203465K [0x0000000080000000, 0x0000000100000000)
  region size 1024K, 12 young (12288K), 12 survivors (12288K)
 Metaspace       used 131631K, committed 134528K, reserved 557056K
  class space    used 18278K, committed 19648K, reserved 425984K
}
Event: 429.594 GC heap before
{Heap before GC invocations=83 (full 0):
 garbage-first heap   total reserved 2097152K, committed 360448K, used 315081K [0x0000000080000000, 0x0000000100000000)
  region size 1024K, 122 young (124928K), 12 survivors (12288K)
 Metaspace       used 131844K, committed 134656K, reserved 557056K
  class space    used 18283K, committed 19648K, reserved 425984K
}
Event: 429.617 GC heap after
{Heap after GC invocations=84 (full 0):
 garbage-first heap   total reserved 2097152K, committed 360448K, used 217879K [0x0000000080000000, 0x0000000100000000)
  region size 1024K, 14 young (14336K), 14 survivors (14336K)
 Metaspace       used 131844K, committed 134656K, reserved 557056K
  class space    used 18283K, committed 19648K, reserved 425984K
}
Event: 431.622 GC heap before
{Heap before GC invocations=85 (full 0):
 garbage-first heap   total reserved 2097152K, committed 360448K, used 313111K [0x0000000080000000, 0x0000000100000000)
  region size 1024K, 117 young (119808K), 14 survivors (14336K)
 Metaspace       used 131904K, committed 134784K, reserved 557056K
  class space    used 18285K, committed 19648K, reserved 425984K
}
Event: 431.636 GC heap after
{Heap after GC invocations=86 (full 0):
 garbage-first heap   total reserved 2097152K, committed 360448K, used 211643K [0x0000000080000000, 0x0000000100000000)
  region size 1024K, 6 young (6144K), 6 survivors (6144K)
 Metaspace       used 131904K, committed 134784K, reserved 557056K
  class space    used 18285K, committed 19648K, reserved 425984K
}
Event: 432.950 GC heap before
{Heap before GC invocations=86 (full 0):
 garbage-first heap   total reserved 2097152K, committed 360448K, used 324283K [0x0000000080000000, 0x0000000100000000)
  region size 1024K, 116 young (118784K), 6 survivors (6144K)
 Metaspace       used 132078K, committed 135040K, reserved 557056K
  class space    used 18290K, committed 19712K, reserved 425984K
}
Event: 432.971 GC heap after
{Heap after GC invocations=87 (full 0):
 garbage-first heap   total reserved 2097152K, committed 360448K, used 209692K [0x0000000080000000, 0x0000000100000000)
  region size 1024K, 15 young (15360K), 15 survivors (15360K)
 Metaspace       used 132078K, committed 135040K, reserved 557056K
  class space    used 18290K, committed 19712K, reserved 425984K
}
Event: 461.519 GC heap before
{Heap before GC invocations=87 (full 0):
 garbage-first heap   total reserved 2097152K, committed 360448K, used 323356K [0x0000000080000000, 0x0000000100000000)
  region size 1024K, 126 young (129024K), 15 survivors (15360K)
 Metaspace       used 132191K, committed 135104K, reserved 557056K
  class space    used 18291K, committed 19712K, reserved 425984K
}
Event: 461.596 GC heap after
{Heap after GC invocations=88 (full 0):
 garbage-first heap   total reserved 2097152K, committed 360448K, used 217911K [0x0000000080000000, 0x0000000100000000)
  region size 1024K, 9 young (9216K), 9 survivors (9216K)
 Metaspace       used 132191K, committed 135104K, reserved 557056K
  class space    used 18291K, committed 19712K, reserved 425984K
}
Event: 463.710 GC heap before
{Heap before GC invocations=89 (full 0):
 garbage-first heap   total reserved 2097152K, committed 360448K, used 321335K [0x0000000080000000, 0x0000000100000000)
  region size 1024K, 116 young (118784K), 9 survivors (9216K)
 Metaspace       used 132333K, committed 135232K, reserved 557056K
  class space    used 18296K, committed 19712K, reserved 425984K
}
Event: 463.733 GC heap after
{Heap after GC invocations=90 (full 0):
 garbage-first heap   total reserved 2097152K, committed 360448K, used 224533K [0x0000000080000000, 0x0000000100000000)
  region size 1024K, 12 young (12288K), 12 survivors (12288K)
 Metaspace       used 132333K, committed 135232K, reserved 557056K
  class space    used 18296K, committed 19712K, reserved 425984K
}
Event: 735.134 GC heap before
{Heap before GC invocations=90 (full 0):
 garbage-first heap   total reserved 2097152K, committed 360448K, used 327957K [0x0000000080000000, 0x0000000100000000)
  region size 1024K, 113 young (115712K), 12 survivors (12288K)
 Metaspace       used 132457K, committed 135360K, reserved 557056K
  class space    used 18299K, committed 19712K, reserved 425984K
}
Event: 735.427 GC heap after
{Heap after GC invocations=91 (full 0):
 garbage-first heap   total reserved 2097152K, committed 360448K, used 205413K [0x0000000080000000, 0x0000000100000000)
  region size 1024K, 8 young (8192K), 8 survivors (8192K)
 Metaspace       used 132457K, committed 135360K, reserved 557056K
  class space    used 18299K, committed 19712K, reserved 425984K
}
Event: 979.412 GC heap before
{Heap before GC invocations=91 (full 0):
 garbage-first heap   total reserved 2097152K, committed 360448K, used 323173K [0x0000000080000000, 0x0000000100000000)
  region size 1024K, 125 young (128000K), 8 survivors (8192K)
 Metaspace       used 138202K, committed 141184K, reserved 557056K
  class space    used 19049K, committed 20480K, reserved 425984K
}
Event: 979.487 GC heap after
{Heap after GC invocations=92 (full 0):
 garbage-first heap   total reserved 2097152K, committed 360448K, used 216766K [0x0000000080000000, 0x0000000100000000)
  region size 1024K, 16 young (16384K), 16 survivors (16384K)
 Metaspace       used 138202K, committed 141184K, reserved 557056K
  class space    used 19049K, committed 20480K, reserved 425984K
}
Event: 998.343 GC heap before
{Heap before GC invocations=93 (full 0):
 garbage-first heap   total reserved 2097152K, committed 360448K, used 315070K [0x0000000080000000, 0x0000000100000000)
  region size 1024K, 121 young (123904K), 16 survivors (16384K)
 Metaspace       used 141386K, committed 144320K, reserved 557056K
  class space    used 19314K, committed 20736K, reserved 425984K
}
Event: 998.386 GC heap after
{Heap after GC invocations=94 (full 0):
 garbage-first heap   total reserved 2097152K, committed 360448K, used 218159K [0x0000000080000000, 0x0000000100000000)
  region size 1024K, 12 young (12288K), 12 survivors (12288K)
 Metaspace       used 141386K, committed 144320K, reserved 557056K
  class space    used 19314K, committed 20736K, reserved 425984K
}
Event: 1001.258 GC heap before
{Heap before GC invocations=94 (full 0):
 garbage-first heap   total reserved 2097152K, committed 360448K, used 325679K [0x0000000080000000, 0x0000000100000000)
  region size 1024K, 118 young (120832K), 12 survivors (12288K)
 Metaspace       used 145953K, committed 148992K, reserved 557056K
  class space    used 19993K, committed 21440K, reserved 425984K
}
Event: 1001.327 GC heap after
{Heap after GC invocations=95 (full 0):
 garbage-first heap   total reserved 2097152K, committed 360448K, used 209255K [0x0000000080000000, 0x0000000100000000)
  region size 1024K, 14 young (14336K), 14 survivors (14336K)
 Metaspace       used 145953K, committed 148992K, reserved 557056K
  class space    used 19993K, committed 21440K, reserved 425984K
}

