# JRE version: Java(TM) SE Runtime Environment (23.0.2+7) (build 23.0.2+7-58)
# Java VM: Java HotSpot(TM) 64-Bit Server VM (23.0.2+7-58, mixed mode, sharing, tiered, compressed oops, compressed class ptrs, g1 gc, windows-amd64)
GC Precious Log:
 CardTable entry size: 512
 Card Set container configuration: InlinePtr #cards 5 size 8 Array Of Cards #cards 10 size 36 Howl #buckets 4 coarsen threshold 1843 Howl Bitmap #cards 512 size 80 coarsen threshold 460 Card regions per heap region 1 cards per card region 2048
 CPUs: 8 total, 8 available
 Memory: 8013M
 Large Page Support: Disabled
 NUMA Support: Disabled
 Compressed Oops: Enabled (32-bit)
 Heap Region Size: 1M
 Heap Min Capacity: 8M
 Heap Initial Capacity: 126M
 Heap Max Capacity: 2G
 Pre-touch: Disabled
 Parallel Workers: 8
 Concurrent Workers: 2
 Concurrent Refinement Workers: 8
 Periodic GC: Disabled
Heap:
 garbage-first heap   total reserved 2097152K, committed 242688K, used 168188K [0x0000000080000000, 0x0000000100000000)
  region size 1024K, 27 young (27648K), 7 survivors (7168K)
 Metaspace       used 117006K, committed 119616K, reserved 557056K
  class space    used 16814K, committed 18048K, reserved 425984K
GC Heap History (20 events):
Event: 74.485 GC heap before
{Heap before GC invocations=45 (full 0):
 garbage-first heap   total reserved 2097152K, committed 184320K, used 160652K [0x0000000080000000, 0x0000000100000000)
  region size 1024K, 53 young (54272K), 3 survivors (3072K)
 Metaspace       used 101005K, committed 103424K, reserved 557056K
  class space    used 14539K, committed 15680K, reserved 425984K
}
Event: 74.489 GC heap after
{Heap after GC invocations=46 (full 0):
 garbage-first heap   total reserved 2097152K, committed 184320K, used 110380K [0x0000000080000000, 0x0000000100000000)
  region size 1024K, 4 young (4096K), 4 survivors (4096K)
 Metaspace       used 101005K, committed 103424K, reserved 557056K
  class space    used 14539K, committed 15680K, reserved 425984K
}
Event: 76.515 GC heap before
{Heap before GC invocations=46 (full 0):
 garbage-first heap   total reserved 2097152K, committed 184320K, used 169772K [0x0000000080000000, 0x0000000100000000)
  region size 1024K, 62 young (63488K), 4 survivors (4096K)
 Metaspace       used 104685K, committed 107264K, reserved 557056K
  class space    used 15050K, committed 16256K, reserved 425984K
}
Event: 76.525 GC heap after
{Heap after GC invocations=47 (full 0):
 garbage-first heap   total reserved 2097152K, committed 184320K, used 111984K [0x0000000080000000, 0x0000000100000000)
  region size 1024K, 6 young (6144K), 6 survivors (6144K)
 Metaspace       used 104685K, committed 107264K, reserved 557056K
  class space    used 15050K, committed 16256K, reserved 425984K
}
Event: 78.851 GC heap before
{Heap before GC invocations=47 (full 0):
 garbage-first heap   total reserved 2097152K, committed 184320K, used 168304K [0x0000000080000000, 0x0000000100000000)
  region size 1024K, 61 young (62464K), 6 survivors (6144K)
 Metaspace       used 106573K, committed 109120K, reserved 557056K
  class space    used 15285K, committed 16512K, reserved 425984K
}
Event: 78.862 GC heap after
{Heap after GC invocations=48 (full 0):
 garbage-first heap   total reserved 2097152K, committed 184320K, used 118274K [0x0000000080000000, 0x0000000100000000)
  region size 1024K, 8 young (8192K), 8 survivors (8192K)
 Metaspace       used 106573K, committed 109120K, reserved 557056K
  class space    used 15285K, committed 16512K, reserved 425984K
}
Event: 79.215 GC heap before
{Heap before GC invocations=49 (full 0):
 garbage-first heap   total reserved 2097152K, committed 198656K, used 163330K [0x0000000080000000, 0x0000000100000000)
  region size 1024K, 53 young (54272K), 8 survivors (8192K)
 Metaspace       used 106582K, committed 109120K, reserved 557056K
  class space    used 15285K, committed 16512K, reserved 425984K
}
Event: 79.224 GC heap after
{Heap after GC invocations=50 (full 0):
 garbage-first heap   total reserved 2097152K, committed 198656K, used 121930K [0x0000000080000000, 0x0000000100000000)
  region size 1024K, 4 young (4096K), 4 survivors (4096K)
 Metaspace       used 106582K, committed 109120K, reserved 557056K
  class space    used 15285K, committed 16512K, reserved 425984K
}
Event: 79.789 GC heap before
{Heap before GC invocations=50 (full 0):
 garbage-first heap   total reserved 2097152K, committed 198656K, used 181322K [0x0000000080000000, 0x0000000100000000)
  region size 1024K, 63 young (64512K), 4 survivors (4096K)
 Metaspace       used 106862K, committed 109376K, reserved 557056K
  class space    used 15342K, committed 16576K, reserved 425984K
}
Event: 79.799 GC heap after
{Heap after GC invocations=51 (full 0):
 garbage-first heap   total reserved 2097152K, committed 198656K, used 123847K [0x0000000080000000, 0x0000000100000000)
  region size 1024K, 6 young (6144K), 6 survivors (6144K)
 Metaspace       used 106862K, committed 109376K, reserved 557056K
  class space    used 15342K, committed 16576K, reserved 425984K
}
Event: 80.781 GC heap before
{Heap before GC invocations=51 (full 0):
 garbage-first heap   total reserved 2097152K, committed 198656K, used 126919K [0x0000000080000000, 0x0000000100000000)
  region size 1024K, 10 young (10240K), 6 survivors (6144K)
 Metaspace       used 106956K, committed 109504K, reserved 557056K
  class space    used 15349K, committed 16576K, reserved 425984K
}
Event: 80.788 GC heap after
{Heap after GC invocations=52 (full 0):
 garbage-first heap   total reserved 2097152K, committed 198656K, used 122799K [0x0000000080000000, 0x0000000100000000)
  region size 1024K, 4 young (4096K), 4 survivors (4096K)
 Metaspace       used 106956K, committed 109504K, reserved 557056K
  class space    used 15349K, committed 16576K, reserved 425984K
}
Event: 82.963 GC heap before
{Heap before GC invocations=53 (full 0):
 garbage-first heap   total reserved 2097152K, committed 208896K, used 179119K [0x0000000080000000, 0x0000000100000000)
  region size 1024K, 56 young (57344K), 4 survivors (4096K)
 Metaspace       used 108362K, committed 110912K, reserved 557056K
  class space    used 15628K, committed 16832K, reserved 425984K
}
Event: 82.972 GC heap after
{Heap after GC invocations=54 (full 0):
 garbage-first heap   total reserved 2097152K, committed 208896K, used 138195K [0x0000000080000000, 0x0000000100000000)
  region size 1024K, 7 young (7168K), 7 survivors (7168K)
 Metaspace       used 108362K, committed 110912K, reserved 557056K
  class space    used 15628K, committed 16832K, reserved 425984K
}
Event: 84.705 GC heap before
{Heap before GC invocations=54 (full 0):
 garbage-first heap   total reserved 2097152K, committed 208896K, used 186323K [0x0000000080000000, 0x0000000100000000)
  region size 1024K, 54 young (55296K), 7 survivors (7168K)
 Metaspace       used 111166K, committed 113792K, reserved 557056K
  class space    used 16058K, committed 17280K, reserved 425984K
}
Event: 84.716 GC heap after
{Heap after GC invocations=55 (full 0):
 garbage-first heap   total reserved 2097152K, committed 208896K, used 141212K [0x0000000080000000, 0x0000000100000000)
  region size 1024K, 4 young (4096K), 4 survivors (4096K)
 Metaspace       used 111166K, committed 113792K, reserved 557056K
  class space    used 16058K, committed 17280K, reserved 425984K
}
Event: 87.087 GC heap before
{Heap before GC invocations=55 (full 0):
 garbage-first heap   total reserved 2097152K, committed 208896K, used 189340K [0x0000000080000000, 0x0000000100000000)
  region size 1024K, 51 young (52224K), 4 survivors (4096K)
 Metaspace       used 114296K, committed 116928K, reserved 557056K
  class space    used 16473K, committed 17664K, reserved 425984K
}
Event: 87.095 GC heap after
{Heap after GC invocations=56 (full 0):
 garbage-first heap   total reserved 2097152K, committed 208896K, used 144237K [0x0000000080000000, 0x0000000100000000)
  region size 1024K, 3 young (3072K), 3 survivors (3072K)
 Metaspace       used 114296K, committed 116928K, reserved 557056K
  class space    used 16473K, committed 17664K, reserved 425984K
}
Event: 88.875 GC heap before
{Heap before GC invocations=57 (full 0):
 garbage-first heap   total reserved 2097152K, committed 242688K, used 191341K [0x0000000080000000, 0x0000000100000000)
  region size 1024K, 49 young (50176K), 3 survivors (3072K)
 Metaspace       used 116430K, committed 119040K, reserved 557056K
  class space    used 16736K, committed 17920K, reserved 425984K
}
Event: 88.881 GC heap after
{Heap after GC invocations=58 (full 0):
 garbage-first heap   total reserved 2097152K, committed 242688K, used 148732K [0x0000000080000000, 0x0000000100000000)
  region size 1024K, 7 young (7168K), 7 survivors (7168K)
 Metaspace       used 116430K, committed 119040K, reserved 557056K
  class space    used 16736K, committed 17920K, reserved 425984K
}

