# JRE version: Java(TM) SE Runtime Environment (23.0.2+7) (build 23.0.2+7-58)
# Java VM: Java HotSpot(TM) 64-Bit Server VM (23.0.2+7-58, mixed mode, sharing, tiered, compressed oops, compressed class ptrs, g1 gc, windows-amd64)
GC Precious Log:
 CardTable entry size: 512
 Card Set container configuration: InlinePtr #cards 5 size 8 Array Of Cards #cards 10 size 36 Howl #buckets 4 coarsen threshold 1843 Howl Bitmap #cards 512 size 80 coarsen threshold 460 Card regions per heap region 1 cards per card region 2048
 CPUs: 8 total, 8 available
 Memory: 8013M
 Large Page Support: Disabled
 NUMA Support: Disabled
 Compressed Oops: Enabled (32-bit)
 Heap Region Size: 1M
 Heap Min Capacity: 8M
 Heap Initial Capacity: 126M
 Heap Max Capacity: 2G
 Pre-touch: Disabled
 Parallel Workers: 8
 Concurrent Workers: 2
 Concurrent Refinement Workers: 8
 Periodic GC: Disabled
Heap:
 garbage-first heap   total reserved 2097152K, committed 106496K, used 98105K [0x0000000080000000, 0x0000000100000000)
  region size 1024K, 52 young (53248K), 6 survivors (6144K)
 Metaspace       used 57654K, committed 59456K, reserved 491520K
  class space    used 8462K, committed 9280K, reserved 425984K
GC Heap History (20 events):
Event: 5.799 GC heap after
{Heap after GC invocations=3 (full 0):
 garbage-first heap   total reserved 2097152K, committed 129024K, used 17093K [0x0000000080000000, 0x0000000100000000)
  region size 1024K, 5 young (5120K), 5 survivors (5120K)
 Metaspace       used 4730K, committed 4928K, reserved 491520K
  class space    used 600K, committed 704K, reserved 425984K
}
Event: 9.189 GC heap before
{Heap before GC invocations=3 (full 0):
 garbage-first heap   total reserved 2097152K, committed 129024K, used 73413K [0x0000000080000000, 0x0000000100000000)
  region size 1024K, 60 young (61440K), 5 survivors (5120K)
 Metaspace       used 14823K, committed 15296K, reserved 491520K
  class space    used 2078K, committed 2304K, reserved 425984K
}
Event: 9.206 GC heap after
{Heap after GC invocations=4 (full 0):
 garbage-first heap   total reserved 2097152K, committed 129024K, used 21989K [0x0000000080000000, 0x0000000100000000)
  region size 1024K, 8 young (8192K), 8 survivors (8192K)
 Metaspace       used 14823K, committed 15296K, reserved 491520K
  class space    used 2078K, committed 2304K, reserved 425984K
}
Event: 11.116 GC heap before
{Heap before GC invocations=4 (full 0):
 garbage-first heap   total reserved 2097152K, committed 129024K, used 67045K [0x0000000080000000, 0x0000000100000000)
  region size 1024K, 53 young (54272K), 8 survivors (8192K)
 Metaspace       used 20829K, committed 21504K, reserved 491520K
  class space    used 3088K, committed 3392K, reserved 425984K
}
Event: 11.128 GC heap after
{Heap after GC invocations=5 (full 0):
 garbage-first heap   total reserved 2097152K, committed 129024K, used 25822K [0x0000000080000000, 0x0000000100000000)
  region size 1024K, 8 young (8192K), 8 survivors (8192K)
 Metaspace       used 20829K, committed 21504K, reserved 491520K
  class space    used 3088K, committed 3392K, reserved 425984K
}
Event: 13.320 GC heap before
{Heap before GC invocations=6 (full 0):
 garbage-first heap   total reserved 2097152K, committed 89088K, used 87262K [0x0000000080000000, 0x0000000100000000)
  region size 1024K, 69 young (70656K), 8 survivors (8192K)
 Metaspace       used 31120K, committed 32064K, reserved 491520K
  class space    used 4480K, committed 4928K, reserved 425984K
}
Event: 13.333 GC heap after
{Heap after GC invocations=7 (full 0):
 garbage-first heap   total reserved 2097152K, committed 103424K, used 31246K [0x0000000080000000, 0x0000000100000000)
  region size 1024K, 9 young (9216K), 9 survivors (9216K)
 Metaspace       used 31120K, committed 32064K, reserved 491520K
  class space    used 4480K, committed 4928K, reserved 425984K
}
Event: 16.242 GC heap before
{Heap before GC invocations=7 (full 0):
 garbage-first heap   total reserved 2097152K, committed 103424K, used 80398K [0x0000000080000000, 0x0000000100000000)
  region size 1024K, 53 young (54272K), 9 survivors (9216K)
 Metaspace       used 34902K, committed 35968K, reserved 491520K
  class space    used 5007K, committed 5504K, reserved 425984K
}
Event: 16.257 GC heap after
{Heap after GC invocations=8 (full 0):
 garbage-first heap   total reserved 2097152K, committed 103424K, used 33817K [0x0000000080000000, 0x0000000100000000)
  region size 1024K, 5 young (5120K), 5 survivors (5120K)
 Metaspace       used 34902K, committed 35968K, reserved 491520K
  class space    used 5007K, committed 5504K, reserved 425984K
}
Event: 16.317 GC heap before
{Heap before GC invocations=8 (full 0):
 garbage-first heap   total reserved 2097152K, committed 103424K, used 34841K [0x0000000080000000, 0x0000000100000000)
  region size 1024K, 7 young (7168K), 5 survivors (5120K)
 Metaspace       used 35169K, committed 36288K, reserved 491520K
  class space    used 5029K, committed 5504K, reserved 425984K
}
Event: 16.320 GC heap after
{Heap after GC invocations=9 (full 0):
 garbage-first heap   total reserved 2097152K, committed 103424K, used 33380K [0x0000000080000000, 0x0000000100000000)
  region size 1024K, 4 young (4096K), 4 survivors (4096K)
 Metaspace       used 35169K, committed 36288K, reserved 491520K
  class space    used 5029K, committed 5504K, reserved 425984K
}
Event: 17.714 GC heap before
{Heap before GC invocations=10 (full 0):
 garbage-first heap   total reserved 2097152K, committed 103424K, used 84580K [0x0000000080000000, 0x0000000100000000)
  region size 1024K, 53 young (54272K), 4 survivors (4096K)
 Metaspace       used 40745K, committed 42240K, reserved 491520K
  class space    used 5861K, committed 6528K, reserved 425984K
}
Event: 17.720 GC heap after
{Heap after GC invocations=11 (full 0):
 garbage-first heap   total reserved 2097152K, committed 103424K, used 36050K [0x0000000080000000, 0x0000000100000000)
  region size 1024K, 7 young (7168K), 7 survivors (7168K)
 Metaspace       used 40745K, committed 42240K, reserved 491520K
  class space    used 5861K, committed 6528K, reserved 425984K
}
Event: 18.982 GC heap before
{Heap before GC invocations=11 (full 0):
 garbage-first heap   total reserved 2097152K, committed 103424K, used 86226K [0x0000000080000000, 0x0000000100000000)
  region size 1024K, 56 young (57344K), 7 survivors (7168K)
 Metaspace       used 44148K, committed 45760K, reserved 491520K
  class space    used 6439K, committed 7168K, reserved 425984K
}
Event: 18.988 GC heap after
{Heap after GC invocations=12 (full 0):
 garbage-first heap   total reserved 2097152K, committed 103424K, used 37855K [0x0000000080000000, 0x0000000100000000)
  region size 1024K, 5 young (5120K), 5 survivors (5120K)
 Metaspace       used 44148K, committed 45760K, reserved 491520K
  class space    used 6439K, committed 7168K, reserved 425984K
}
Event: 20.709 GC heap before
{Heap before GC invocations=12 (full 0):
 garbage-first heap   total reserved 2097152K, committed 103424K, used 88031K [0x0000000080000000, 0x0000000100000000)
  region size 1024K, 54 young (55296K), 5 survivors (5120K)
 Metaspace       used 49650K, committed 51392K, reserved 491520K
  class space    used 7273K, committed 8128K, reserved 425984K
}
Event: 20.716 GC heap after
{Heap after GC invocations=13 (full 0):
 garbage-first heap   total reserved 2097152K, committed 103424K, used 40561K [0x0000000080000000, 0x0000000100000000)
  region size 1024K, 5 young (5120K), 5 survivors (5120K)
 Metaspace       used 49650K, committed 51392K, reserved 491520K
  class space    used 7273K, committed 8128K, reserved 425984K
}
Event: 23.103 GC heap before
{Heap before GC invocations=13 (full 0):
 garbage-first heap   total reserved 2097152K, committed 103424K, used 90737K [0x0000000080000000, 0x0000000100000000)
  region size 1024K, 54 young (55296K), 5 survivors (5120K)
 Metaspace       used 55353K, committed 57152K, reserved 491520K
  class space    used 8185K, committed 9024K, reserved 425984K
}
Event: 23.109 GC heap after
{Heap after GC invocations=14 (full 0):
 garbage-first heap   total reserved 2097152K, committed 103424K, used 43833K [0x0000000080000000, 0x0000000100000000)
  region size 1024K, 6 young (6144K), 6 survivors (6144K)
 Metaspace       used 55353K, committed 57152K, reserved 491520K
  class space    used 8185K, committed 9024K, reserved 425984K
}
Event: 25.114 GC heap before
{Heap before GC invocations=14 (full 0):
 garbage-first heap   total reserved 2097152K, committed 103424K, used 97081K [0x0000000080000000, 0x0000000100000000)
  region size 1024K, 52 young (53248K), 6 survivors (6144K)
 Metaspace       used 57654K, committed 59456K, reserved 491520K
  class space    used 8462K, committed 9280K, reserved 425984K
}

